<?xml version="1.0" encoding="UTF-8"?>
<!-- Generated by org.testng.reporters.JUnitXMLReporter -->
<testsuite ignored="31" hostname="DESKTOP-E6GEFDQ" failures="0" tests="1" name="Default test" time="0.069" errors="0" timestamp="2023-10-26T12:20:19 IST">
  <testcase classname="StringPrograms.StringProgramsEg" name="addingNumbersInString" time="0.012"/>
  <testcase classname="StringPrograms.StringProgramsEg" name="countNoOfVowelsInAStringWithoutDuplicatesUsingSET" time="0.0">
    <ignored/>
  </testcase> <!-- countNoOfVowelsInAStringWithoutDuplicatesUsingSET -->
  <testcase classname="StringPrograms.StringProgramsEg" name="printPositionOfEachCharacterInReverse" time="0.0">
    <ignored/>
  </testcase> <!-- printPositionOfEachCharacterInReverse -->
  <testcase classname="StringPrograms.StringProgramsEg" name="occurenceOfEachWordInString" time="0.0">
    <ignored/>
  </testcase> <!-- occurenceOfEachWordInString -->
  <testcase classname="StringPrograms.StringProgramsEg" name="printMaxLengthValuesInString" time="0.0">
    <ignored/>
  </testcase> <!-- printMaxLengthValuesInString -->
  <testcase classname="StringPrograms.StringProgramsEg" name="reverseTheWordsInString" time="0.0">
    <ignored/>
  </testcase> <!-- reverseTheWordsInString -->
  <testcase classname="StringPrograms.StringProgramsEg" name="positionOfEachCharacterInString" time="0.0">
    <ignored/>
  </testcase> <!-- positionOfEachCharacterInString -->
  <testcase classname="StringPrograms.StringProgramsEg" name="removeDuplicatesInStringUsingMAP" time="0.0">
    <ignored/>
  </testcase> <!-- removeDuplicatesInStringUsingMAP -->
  <testcase classname="StringPrograms.StringProgramsEg" name="swap1stAndLastWordsInString" time="0.0">
    <ignored/>
  </testcase> <!-- swap1stAndLastWordsInString -->
  <testcase classname="StringPrograms.StringProgramsEg" name="countTheNoOfDuplicateWordsInString" time="0.0">
    <ignored/>
  </testcase> <!-- countTheNoOfDuplicateWordsInString -->
  <testcase classname="StringPrograms.StringProgramsEg" name="occurenceOfCharacherInString1" time="0.0">
    <ignored/>
  </testcase> <!-- occurenceOfCharacherInString1 -->
  <testcase classname="StringPrograms.StringProgramsEg" name="mergingStringInMiddle" time="0.0">
    <ignored/>
  </testcase> <!-- mergingStringInMiddle -->
  <testcase classname="StringPrograms.StringProgramsEg" name="reverseAGivenString" time="0.0">
    <ignored/>
  </testcase> <!-- reverseAGivenString -->
  <testcase classname="StringPrograms.StringProgramsEg" name="stringPalendrome" time="0.0">
    <ignored/>
  </testcase> <!-- stringPalendrome -->
  <testcase classname="StringPrograms.StringProgramsEg" name="sumOf2DigitsInString1" time="0.0">
    <ignored/>
  </testcase> <!-- sumOf2DigitsInString1 -->
  <testcase classname="StringPrograms.StringProgramsEg" name="sumOf2DigitsInString2" time="0.0">
    <ignored/>
  </testcase> <!-- sumOf2DigitsInString2 -->
  <testcase classname="StringPrograms.StringProgramsEg" name="countTheNoOfDuplicatesInString" time="0.0">
    <ignored/>
  </testcase> <!-- countTheNoOfDuplicatesInString -->
  <testcase classname="StringPrograms.StringProgramsEg" name="occurenceOfEachCharacherInString" time="0.0">
    <ignored/>
  </testcase> <!-- occurenceOfEachCharacherInString -->
  <testcase classname="StringPrograms.StringProgramsEg" name="occurenceOfEachCharacterInStringUsingSET" time="0.0">
    <ignored/>
  </testcase> <!-- occurenceOfEachCharacterInStringUsingSET -->
  <testcase classname="StringPrograms.StringProgramsEg" name="printMinLengthValuesInString" time="0.0">
    <ignored/>
  </testcase> <!-- printMinLengthValuesInString -->
  <testcase classname="StringPrograms.StringProgramsEg" name="countNoOfVowelsInAStringWithDuplicates" time="0.0">
    <ignored/>
  </testcase> <!-- countNoOfVowelsInAStringWithDuplicates -->
  <testcase classname="StringPrograms.StringProgramsEg" name="removeDuplicatesInStringUsingSET" time="0.0">
    <ignored/>
  </testcase> <!-- removeDuplicatesInStringUsingSET -->
  <testcase classname="StringPrograms.StringProgramsEg" name="occurenceOfEachCharacterInStringUsingMAP" time="0.0">
    <ignored/>
  </testcase> <!-- occurenceOfEachCharacterInStringUsingMAP -->
  <testcase classname="StringPrograms.StringProgramsEg" name="positionOfEachWordInString" time="0.0">
    <ignored/>
  </testcase> <!-- positionOfEachWordInString -->
  <testcase classname="StringPrograms.StringProgramsEg" name="reverseAString" time="0.0">
    <ignored/>
  </testcase> <!-- reverseAString -->
  <testcase classname="StringPrograms.StringProgramsEg" name="removeDuplicateWordsInString" time="0.0">
    <ignored/>
  </testcase> <!-- removeDuplicateWordsInString -->
  <testcase classname="StringPrograms.StringProgramsEg" name="segregateAlphabetsNumbersAndSpclCharFromAGivenString3" time="0.0">
    <ignored/>
  </testcase> <!-- segregateAlphabetsNumbersAndSpclCharFromAGivenString3 -->
  <testcase classname="StringPrograms.StringProgramsEg" name="stringPalindrome" time="0.0">
    <ignored/>
  </testcase> <!-- stringPalindrome -->
  <testcase classname="StringPrograms.StringProgramsEg" name="segregateAlphabetsNumbersAndSpclCharFromAGivenString2" time="0.0">
    <ignored/>
  </testcase> <!-- segregateAlphabetsNumbersAndSpclCharFromAGivenString2 -->
  <testcase classname="StringPrograms.StringProgramsEg" name="addingNumbersInString2" time="0.0">
    <ignored/>
  </testcase> <!-- addingNumbersInString2 -->
  <testcase classname="StringPrograms.StringProgramsEg" name="segregateAlphabetsNumbersAndSpclCharFromAGivenString1" time="0.0">
    <ignored/>
  </testcase> <!-- segregateAlphabetsNumbersAndSpclCharFromAGivenString1 -->
  <testcase classname="StringPrograms.StringProgramsEg" name="countNoOfVowelsInAStringWithoutDuplicatesUsingMAP" time="0.0">
    <ignored/>
  </testcase> <!-- countNoOfVowelsInAStringWithoutDuplicatesUsingMAP -->
</testsuite> <!-- Default test -->
