<?xml version="1.0" encoding="UTF-8"?>
<testng-results ignored="31" total="32" passed="1" failed="0" skipped="0">
  <reporter-output>
  </reporter-output>
  <suite started-at="2023-10-26T12:20:19 IST" name="Default suite" finished-at="2023-10-26T12:20:19 IST" duration-ms="69">
    <groups>
    </groups>
    <test started-at="2023-10-26T12:20:19 IST" name="Default test" finished-at="2023-10-26T12:20:19 IST" duration-ms="69">
      <class name="StringPrograms.StringProgramsEg">
        <test-method signature="addingNumbersInString()[pri:0, instance:StringPrograms.StringProgramsEg@1e6454ec]" started-at="2023-10-26T12:20:19 IST" name="addingNumbersInString" finished-at="2023-10-26T12:20:19 IST" duration-ms="12" status="PASS">
          <reporter-output>
          </reporter-output>
        </test-method> <!-- addingNumbersInString -->
      </class> <!-- StringPrograms.StringProgramsEg -->
    </test> <!-- Default test -->
  </suite> <!-- Default suite -->
</testng-results>
